---------------------------------------------------------------
[ 2020-08-13T16:49:48+08:00 ] 127.0.0.1 GET www.cms.zc/
[ sql ] [ DB ] CONNECT:[ UseTime:0.015371s ] mysql:host=127.0.0.1;port=3306;dbname=hyx;charset=utf8mb4
[ sql ] [ SQL ] SHOW COLUMNS FROM `yx_system` [ RunTime:0.028605s ]
[ sql ] [ SQL ] SELECT * FROM `yx_system` WHERE  `id` = 1 LIMIT 1 [ RunTime:0.000246s ]
[ sql ] [ SQL ] SHOW COLUMNS FROM `yx_product` [ RunTime:0.024725s ]
[ sql ] [ SQL ] SELECT * FROM `yx_product` ORDER BY `sort` ASC [ RunTime:0.000321s ]
[ sql ] [ SQL ] SHOW COLUMNS FROM `yx_cate` [ RunTime:0.024004s ]
[ sql ] [ SQL ] SELECT * FROM `yx_cate` ORDER BY `sort` ASC [ RunTime:0.000272s ]
[ sql ] [ SQL ] SHOW COLUMNS FROM `yx_link` [ RunTime:0.024601s ]
[ sql ] [ SQL ] SELECT * FROM `yx_link` ORDER BY `sort` ASC [ RunTime:0.000222s ]
[ sql ] [ SQL ] SHOW COLUMNS FROM `yx_friend` [ RunTime:0.021222s ]
[ sql ] [ SQL ] SELECT * FROM `yx_friend` ORDER BY `sort` ASC [ RunTime:0.000269s ]
[ sql ] [ SQL ] SHOW COLUMNS FROM `yx_banner` [ RunTime:0.023205s ]
[ sql ] [ SQL ] SELECT `btn_name`,`name`,`lname`,`url` FROM `yx_banner` ORDER BY `sort` [ RunTime:0.000258s ]
[ sql ] [ SQL ] SELECT * FROM `yx_cate` ORDER BY `sort` ASC [ RunTime:0.000139s ]
[ sql ] [ SQL ] SHOW COLUMNS FROM `yx_article` [ RunTime:0.023415s ]
[ sql ] [ SQL ] SELECT * FROM `yx_article` WHERE  (  cate_id=2 ) ORDER BY `id` DESC LIMIT 5 [ RunTime:0.000286s ]
[ sql ] [ SQL ] SELECT * FROM `yx_article` WHERE  (  cate_id=3 ) ORDER BY `id` DESC LIMIT 5 [ RunTime:0.000177s ]
[ sql ] [ SQL ] SELECT * FROM `yx_article` WHERE  (  cate_id=4 ) ORDER BY `id` DESC LIMIT 5 [ RunTime:0.000178s ]
[ sql ] [ SQL ] SHOW COLUMNS FROM `yx_bannerimg` [ RunTime:0.023611s ]
[ sql ] [ SQL ] SELECT * FROM `yx_bannerimg` ORDER BY `sort` ASC [ RunTime:0.000288s ]
---------------------------------------------------------------
[ 2020-08-13T16:49:49+08:00 ] 127.0.0.1 GET www.cms.zc/
[ sql ] [ DB ] CONNECT:[ UseTime:0.006344s ] mysql:host=127.0.0.1;port=3306;dbname=hyx;charset=utf8mb4
[ sql ] [ SQL ] SHOW COLUMNS FROM `yx_system` [ RunTime:0.040251s ]
[ sql ] [ SQL ] SELECT * FROM `yx_system` WHERE  `id` = 1 LIMIT 1 [ RunTime:0.000222s ]
[ sql ] [ SQL ] SHOW COLUMNS FROM `yx_product` [ RunTime:0.024309s ]
[ sql ] [ SQL ] SELECT * FROM `yx_product` ORDER BY `sort` ASC [ RunTime:0.000168s ]
[ sql ] [ SQL ] SHOW COLUMNS FROM `yx_cate` [ RunTime:0.020845s ]
[ sql ] [ SQL ] SELECT * FROM `yx_cate` ORDER BY `sort` ASC [ RunTime:0.000175s ]
[ sql ] [ SQL ] SHOW COLUMNS FROM `yx_link` [ RunTime:0.014744s ]
[ sql ] [ SQL ] SELECT * FROM `yx_link` ORDER BY `sort` ASC [ RunTime:0.000259s ]
[ sql ] [ SQL ] SHOW COLUMNS FROM `yx_friend` [ RunTime:0.009427s ]
[ sql ] [ SQL ] SELECT * FROM `yx_friend` ORDER BY `sort` ASC [ RunTime:0.000134s ]
[ sql ] [ SQL ] SHOW COLUMNS FROM `yx_banner` [ RunTime:0.012459s ]
[ sql ] [ SQL ] SELECT `btn_name`,`name`,`lname`,`url` FROM `yx_banner` ORDER BY `sort` [ RunTime:0.000126s ]
[ sql ] [ SQL ] SELECT * FROM `yx_cate` ORDER BY `sort` ASC [ RunTime:0.000091s ]
[ sql ] [ SQL ] SHOW COLUMNS FROM `yx_article` [ RunTime:0.013579s ]
[ sql ] [ SQL ] SELECT * FROM `yx_article` WHERE  (  cate_id=2 ) ORDER BY `id` DESC LIMIT 5 [ RunTime:0.000152s ]
[ sql ] [ SQL ] SELECT * FROM `yx_article` WHERE  (  cate_id=3 ) ORDER BY `id` DESC LIMIT 5 [ RunTime:0.000119s ]
[ sql ] [ SQL ] SELECT * FROM `yx_article` WHERE  (  cate_id=4 ) ORDER BY `id` DESC LIMIT 5 [ RunTime:0.000082s ]
[ sql ] [ SQL ] SHOW COLUMNS FROM `yx_bannerimg` [ RunTime:0.012488s ]
[ sql ] [ SQL ] SELECT * FROM `yx_bannerimg` ORDER BY `sort` ASC [ RunTime:0.000121s ]
---------------------------------------------------------------
[ 2020-08-13T16:49:55+08:00 ] 127.0.0.1 GET www.cms.zc/Index/Product/details/id/3
[ sql ] [ DB ] CONNECT:[ UseTime:0.011461s ] mysql:host=127.0.0.1;port=3306;dbname=hyx;charset=utf8mb4
[ sql ] [ SQL ] SHOW COLUMNS FROM `yx_system` [ RunTime:0.015734s ]
[ sql ] [ SQL ] SELECT * FROM `yx_system` WHERE  `id` = 1 LIMIT 1 [ RunTime:0.000247s ]
[ sql ] [ SQL ] SHOW COLUMNS FROM `yx_product` [ RunTime:0.012913s ]
[ sql ] [ SQL ] SELECT * FROM `yx_product` ORDER BY `sort` ASC [ RunTime:0.000182s ]
[ sql ] [ SQL ] SHOW COLUMNS FROM `yx_cate` [ RunTime:0.012666s ]
[ sql ] [ SQL ] SELECT * FROM `yx_cate` ORDER BY `sort` ASC [ RunTime:0.000177s ]
[ sql ] [ SQL ] SHOW COLUMNS FROM `yx_link` [ RunTime:0.012622s ]
[ sql ] [ SQL ] SELECT * FROM `yx_link` ORDER BY `sort` ASC [ RunTime:0.000131s ]
[ sql ] [ SQL ] SHOW COLUMNS FROM `yx_friend` [ RunTime:0.008963s ]
[ sql ] [ SQL ] SELECT * FROM `yx_friend` ORDER BY `sort` ASC [ RunTime:0.000200s ]
[ sql ] [ SQL ] SELECT * FROM `yx_product` WHERE  `id` = 3 ORDER BY `sort` ASC LIMIT 1 [ RunTime:0.000261s ]
---------------------------------------------------------------
[ 2020-08-13T16:50:04+08:00 ] 127.0.0.1 GET www.cms.zc/Index/Product/details/id/3
[ sql ] [ DB ] CONNECT:[ UseTime:0.011521s ] mysql:host=127.0.0.1;port=3306;dbname=hyx;charset=utf8mb4
[ sql ] [ SQL ] SHOW COLUMNS FROM `yx_system` [ RunTime:0.016147s ]
[ sql ] [ SQL ] SELECT * FROM `yx_system` WHERE  `id` = 1 LIMIT 1 [ RunTime:0.000197s ]
[ sql ] [ SQL ] SHOW COLUMNS FROM `yx_product` [ RunTime:0.012603s ]
[ sql ] [ SQL ] SELECT * FROM `yx_product` ORDER BY `sort` ASC [ RunTime:0.000211s ]
[ sql ] [ SQL ] SHOW COLUMNS FROM `yx_cate` [ RunTime:0.013094s ]
[ sql ] [ SQL ] SELECT * FROM `yx_cate` ORDER BY `sort` ASC [ RunTime:0.000169s ]
[ sql ] [ SQL ] SHOW COLUMNS FROM `yx_link` [ RunTime:0.013184s ]
[ sql ] [ SQL ] SELECT * FROM `yx_link` ORDER BY `sort` ASC [ RunTime:0.000180s ]
[ sql ] [ SQL ] SHOW COLUMNS FROM `yx_friend` [ RunTime:0.008888s ]
[ sql ] [ SQL ] SELECT * FROM `yx_friend` ORDER BY `sort` ASC [ RunTime:0.000131s ]
[ sql ] [ SQL ] SELECT * FROM `yx_product` WHERE  `id` = 3 ORDER BY `sort` ASC LIMIT 1 [ RunTime:0.000104s ]
---------------------------------------------------------------
[ 2020-08-13T16:50:16+08:00 ] 127.0.0.1 GET www.cms.zc/Index/Product/details/id/3
[ sql ] [ DB ] CONNECT:[ UseTime:0.000650s ] mysql:host=127.0.0.1;port=3306;dbname=hyx;charset=utf8mb4
[ sql ] [ SQL ] SHOW COLUMNS FROM `yx_system` [ RunTime:0.016295s ]
[ sql ] [ SQL ] SELECT * FROM `yx_system` WHERE  `id` = 1 LIMIT 1 [ RunTime:0.000155s ]
[ sql ] [ SQL ] SHOW COLUMNS FROM `yx_product` [ RunTime:0.012880s ]
[ sql ] [ SQL ] SELECT * FROM `yx_product` ORDER BY `sort` ASC [ RunTime:0.000227s ]
[ sql ] [ SQL ] SHOW COLUMNS FROM `yx_cate` [ RunTime:0.012439s ]
[ sql ] [ SQL ] SELECT * FROM `yx_cate` ORDER BY `sort` ASC [ RunTime:0.000206s ]
[ sql ] [ SQL ] SHOW COLUMNS FROM `yx_link` [ RunTime:0.012201s ]
[ sql ] [ SQL ] SELECT * FROM `yx_link` ORDER BY `sort` ASC [ RunTime:0.000216s ]
[ sql ] [ SQL ] SHOW COLUMNS FROM `yx_friend` [ RunTime:0.008625s ]
[ sql ] [ SQL ] SELECT * FROM `yx_friend` ORDER BY `sort` ASC [ RunTime:0.000196s ]
[ sql ] [ SQL ] SELECT * FROM `yx_product` WHERE  `id` = 3 ORDER BY `sort` ASC LIMIT 1 [ RunTime:0.000260s ]
---------------------------------------------------------------
[ 2020-08-13T16:50:18+08:00 ] 127.0.0.1 GET www.cms.zc/
[ sql ] [ DB ] CONNECT:[ UseTime:0.010757s ] mysql:host=127.0.0.1;port=3306;dbname=hyx;charset=utf8mb4
[ sql ] [ SQL ] SHOW COLUMNS FROM `yx_system` [ RunTime:0.015474s ]
[ sql ] [ SQL ] SELECT * FROM `yx_system` WHERE  `id` = 1 LIMIT 1 [ RunTime:0.000233s ]
[ sql ] [ SQL ] SHOW COLUMNS FROM `yx_product` [ RunTime:0.012126s ]
[ sql ] [ SQL ] SELECT * FROM `yx_product` ORDER BY `sort` ASC [ RunTime:0.000243s ]
[ sql ] [ SQL ] SHOW COLUMNS FROM `yx_cate` [ RunTime:0.012052s ]
[ sql ] [ SQL ] SELECT * FROM `yx_cate` ORDER BY `sort` ASC [ RunTime:0.000223s ]
[ sql ] [ SQL ] SHOW COLUMNS FROM `yx_link` [ RunTime:0.011598s ]
[ sql ] [ SQL ] SELECT * FROM `yx_link` ORDER BY `sort` ASC [ RunTime:0.000225s ]
[ sql ] [ SQL ] SHOW COLUMNS FROM `yx_friend` [ RunTime:0.009538s ]
[ sql ] [ SQL ] SELECT * FROM `yx_friend` ORDER BY `sort` ASC [ RunTime:0.000214s ]
[ sql ] [ SQL ] SHOW COLUMNS FROM `yx_banner` [ RunTime:0.012095s ]
[ sql ] [ SQL ] SELECT `btn_name`,`name`,`lname`,`url` FROM `yx_banner` ORDER BY `sort` [ RunTime:0.000210s ]
[ sql ] [ SQL ] SELECT * FROM `yx_cate` ORDER BY `sort` ASC [ RunTime:0.000167s ]
[ sql ] [ SQL ] SHOW COLUMNS FROM `yx_article` [ RunTime:0.010863s ]
[ sql ] [ SQL ] SELECT * FROM `yx_article` WHERE  (  cate_id=2 ) ORDER BY `id` DESC LIMIT 5 [ RunTime:0.000248s ]
[ sql ] [ SQL ] SELECT * FROM `yx_article` WHERE  (  cate_id=3 ) ORDER BY `id` DESC LIMIT 5 [ RunTime:0.000220s ]
[ sql ] [ SQL ] SELECT * FROM `yx_article` WHERE  (  cate_id=4 ) ORDER BY `id` DESC LIMIT 5 [ RunTime:0.000216s ]
[ sql ] [ SQL ] SHOW COLUMNS FROM `yx_bannerimg` [ RunTime:0.011221s ]
[ sql ] [ SQL ] SELECT * FROM `yx_bannerimg` ORDER BY `sort` ASC [ RunTime:0.000207s ]
---------------------------------------------------------------
[ 2020-08-13T16:50:18+08:00 ] 127.0.0.1 GET www.cms.zc/
[ sql ] [ DB ] CONNECT:[ UseTime:0.010656s ] mysql:host=127.0.0.1;port=3306;dbname=hyx;charset=utf8mb4
[ sql ] [ SQL ] SHOW COLUMNS FROM `yx_system` [ RunTime:0.009986s ]
[ sql ] [ SQL ] SELECT * FROM `yx_system` WHERE  `id` = 1 LIMIT 1 [ RunTime:0.000190s ]
[ sql ] [ SQL ] SHOW COLUMNS FROM `yx_product` [ RunTime:0.011350s ]
[ sql ] [ SQL ] SELECT * FROM `yx_product` ORDER BY `sort` ASC [ RunTime:0.000147s ]
[ sql ] [ SQL ] SHOW COLUMNS FROM `yx_cate` [ RunTime:0.017359s ]
[ sql ] [ SQL ] SELECT * FROM `yx_cate` ORDER BY `sort` ASC [ RunTime:0.000189s ]
[ sql ] [ SQL ] SHOW COLUMNS FROM `yx_link` [ RunTime:0.010962s ]
[ sql ] [ SQL ] SELECT * FROM `yx_link` ORDER BY `sort` ASC [ RunTime:0.000147s ]
[ sql ] [ SQL ] SHOW COLUMNS FROM `yx_friend` [ RunTime:0.008763s ]
[ sql ] [ SQL ] SELECT * FROM `yx_friend` ORDER BY `sort` ASC [ RunTime:0.000139s ]
[ sql ] [ SQL ] SHOW COLUMNS FROM `yx_banner` [ RunTime:0.010771s ]
[ sql ] [ SQL ] SELECT `btn_name`,`name`,`lname`,`url` FROM `yx_banner` ORDER BY `sort` [ RunTime:0.000150s ]
[ sql ] [ SQL ] SELECT * FROM `yx_cate` ORDER BY `sort` ASC [ RunTime:0.000079s ]
[ sql ] [ SQL ] SHOW COLUMNS FROM `yx_article` [ RunTime:0.008752s ]
[ sql ] [ SQL ] SELECT * FROM `yx_article` WHERE  (  cate_id=2 ) ORDER BY `id` DESC LIMIT 5 [ RunTime:0.000139s ]
[ sql ] [ SQL ] SELECT * FROM `yx_article` WHERE  (  cate_id=3 ) ORDER BY `id` DESC LIMIT 5 [ RunTime:0.000081s ]
[ sql ] [ SQL ] SELECT * FROM `yx_article` WHERE  (  cate_id=4 ) ORDER BY `id` DESC LIMIT 5 [ RunTime:0.000074s ]
[ sql ] [ SQL ] SHOW COLUMNS FROM `yx_bannerimg` [ RunTime:0.009280s ]
[ sql ] [ SQL ] SELECT * FROM `yx_bannerimg` ORDER BY `sort` ASC [ RunTime:0.000157s ]
---------------------------------------------------------------
[ 2020-08-13T16:50:48+08:00 ] 127.0.0.1 GET www.cms.zc/
[ sql ] [ DB ] CONNECT:[ UseTime:0.000560s ] mysql:host=127.0.0.1;port=3306;dbname=hyx;charset=utf8mb4
[ sql ] [ SQL ] SHOW COLUMNS FROM `yx_system` [ RunTime:0.016089s ]
[ sql ] [ SQL ] SELECT * FROM `yx_system` WHERE  `id` = 1 LIMIT 1 [ RunTime:0.000204s ]
[ sql ] [ SQL ] SHOW COLUMNS FROM `yx_product` [ RunTime:0.013331s ]
[ sql ] [ SQL ] SELECT * FROM `yx_product` ORDER BY `sort` ASC [ RunTime:0.000243s ]
[ sql ] [ SQL ] SHOW COLUMNS FROM `yx_cate` [ RunTime:0.014150s ]
[ sql ] [ SQL ] SELECT * FROM `yx_cate` ORDER BY `sort` ASC [ RunTime:0.000140s ]
[ sql ] [ SQL ] SHOW COLUMNS FROM `yx_link` [ RunTime:0.014068s ]
[ sql ] [ SQL ] SELECT * FROM `yx_link` ORDER BY `sort` ASC [ RunTime:0.000183s ]
[ sql ] [ SQL ] SHOW COLUMNS FROM `yx_friend` [ RunTime:0.009022s ]
[ sql ] [ SQL ] SELECT * FROM `yx_friend` ORDER BY `sort` ASC [ RunTime:0.000161s ]
[ sql ] [ SQL ] SHOW COLUMNS FROM `yx_banner` [ RunTime:0.012551s ]
[ sql ] [ SQL ] SELECT `btn_name`,`name`,`lname`,`url` FROM `yx_banner` ORDER BY `sort` [ RunTime:0.000212s ]
[ sql ] [ SQL ] SELECT * FROM `yx_cate` ORDER BY `sort` ASC [ RunTime:0.000154s ]
[ sql ] [ SQL ] SHOW COLUMNS FROM `yx_article` [ RunTime:0.013985s ]
[ sql ] [ SQL ] SELECT * FROM `yx_article` WHERE  (  cate_id=2 ) ORDER BY `id` DESC LIMIT 5 [ RunTime:0.000188s ]
[ sql ] [ SQL ] SELECT * FROM `yx_article` WHERE  (  cate_id=3 ) ORDER BY `id` DESC LIMIT 5 [ RunTime:0.000234s ]
[ sql ] [ SQL ] SELECT * FROM `yx_article` WHERE  (  cate_id=4 ) ORDER BY `id` DESC LIMIT 5 [ RunTime:0.000150s ]
[ sql ] [ SQL ] SHOW COLUMNS FROM `yx_bannerimg` [ RunTime:0.013667s ]
[ sql ] [ SQL ] SELECT * FROM `yx_bannerimg` ORDER BY `sort` ASC [ RunTime:0.000170s ]
---------------------------------------------------------------
[ 2020-08-13T16:50:48+08:00 ] 127.0.0.1 GET www.cms.zc/
[ sql ] [ DB ] CONNECT:[ UseTime:0.000910s ] mysql:host=127.0.0.1;port=3306;dbname=hyx;charset=utf8mb4
[ sql ] [ SQL ] SHOW COLUMNS FROM `yx_system` [ RunTime:0.020997s ]
[ sql ] [ SQL ] SELECT * FROM `yx_system` WHERE  `id` = 1 LIMIT 1 [ RunTime:0.000185s ]
[ sql ] [ SQL ] SHOW COLUMNS FROM `yx_product` [ RunTime:0.033553s ]
[ sql ] [ SQL ] SELECT * FROM `yx_product` ORDER BY `sort` ASC [ RunTime:0.000159s ]
[ sql ] [ SQL ] SHOW COLUMNS FROM `yx_cate` [ RunTime:0.021976s ]
[ sql ] [ SQL ] SELECT * FROM `yx_cate` ORDER BY `sort` ASC [ RunTime:0.000160s ]
[ sql ] [ SQL ] SHOW COLUMNS FROM `yx_link` [ RunTime:0.010510s ]
[ sql ] [ SQL ] SELECT * FROM `yx_link` ORDER BY `sort` ASC [ RunTime:0.000165s ]
[ sql ] [ SQL ] SHOW COLUMNS FROM `yx_friend` [ RunTime:0.012166s ]
[ sql ] [ SQL ] SELECT * FROM `yx_friend` ORDER BY `sort` ASC [ RunTime:0.000129s ]
[ sql ] [ SQL ] SHOW COLUMNS FROM `yx_banner` [ RunTime:0.009974s ]
[ sql ] [ SQL ] SELECT `btn_name`,`name`,`lname`,`url` FROM `yx_banner` ORDER BY `sort` [ RunTime:0.000141s ]
[ sql ] [ SQL ] SELECT * FROM `yx_cate` ORDER BY `sort` ASC [ RunTime:0.000079s ]
[ sql ] [ SQL ] SHOW COLUMNS FROM `yx_article` [ RunTime:0.008838s ]
[ sql ] [ SQL ] SELECT * FROM `yx_article` WHERE  (  cate_id=2 ) ORDER BY `id` DESC LIMIT 5 [ RunTime:0.000151s ]
[ sql ] [ SQL ] SELECT * FROM `yx_article` WHERE  (  cate_id=3 ) ORDER BY `id` DESC LIMIT 5 [ RunTime:0.000087s ]
[ sql ] [ SQL ] SELECT * FROM `yx_article` WHERE  (  cate_id=4 ) ORDER BY `id` DESC LIMIT 5 [ RunTime:0.000104s ]
[ sql ] [ SQL ] SHOW COLUMNS FROM `yx_bannerimg` [ RunTime:0.010263s ]
[ sql ] [ SQL ] SELECT * FROM `yx_bannerimg` ORDER BY `sort` ASC [ RunTime:0.000121s ]
---------------------------------------------------------------
[ 2020-08-13T16:55:44+08:00 ] 127.0.0.1 GET www.cms.zc/
[ sql ] [ DB ] CONNECT:[ UseTime:0.011534s ] mysql:host=127.0.0.1;port=3306;dbname=hyx;charset=utf8mb4
[ sql ] [ SQL ] SHOW COLUMNS FROM `yx_system` [ RunTime:0.016223s ]
[ sql ] [ SQL ] SELECT * FROM `yx_system` WHERE  `id` = 1 LIMIT 1 [ RunTime:0.000247s ]
[ sql ] [ SQL ] SHOW COLUMNS FROM `yx_product` [ RunTime:0.013127s ]
[ sql ] [ SQL ] SELECT * FROM `yx_product` ORDER BY `sort` ASC [ RunTime:0.000196s ]
[ sql ] [ SQL ] SHOW COLUMNS FROM `yx_cate` [ RunTime:0.013029s ]
[ sql ] [ SQL ] SELECT * FROM `yx_cate` ORDER BY `sort` ASC [ RunTime:0.000187s ]
[ sql ] [ SQL ] SHOW COLUMNS FROM `yx_link` [ RunTime:0.013232s ]
[ sql ] [ SQL ] SELECT * FROM `yx_link` ORDER BY `sort` ASC [ RunTime:0.000216s ]
[ sql ] [ SQL ] SHOW COLUMNS FROM `yx_friend` [ RunTime:0.009668s ]
[ sql ] [ SQL ] SELECT * FROM `yx_friend` ORDER BY `sort` ASC [ RunTime:0.000198s ]
[ sql ] [ SQL ] SHOW COLUMNS FROM `yx_banner` [ RunTime:0.013416s ]
[ sql ] [ SQL ] SELECT `btn_name`,`name`,`lname`,`url` FROM `yx_banner` ORDER BY `sort` [ RunTime:0.000171s ]
[ sql ] [ SQL ] SELECT * FROM `yx_cate` ORDER BY `sort` ASC [ RunTime:0.000110s ]
[ sql ] [ SQL ] SHOW COLUMNS FROM `yx_article` [ RunTime:0.016411s ]
[ sql ] [ SQL ] SELECT * FROM `yx_article` WHERE  (  cate_id=2 ) ORDER BY `id` DESC LIMIT 5 [ RunTime:0.000146s ]
[ sql ] [ SQL ] SELECT * FROM `yx_article` WHERE  (  cate_id=3 ) ORDER BY `id` DESC LIMIT 5 [ RunTime:0.000084s ]
[ sql ] [ SQL ] SELECT * FROM `yx_article` WHERE  (  cate_id=4 ) ORDER BY `id` DESC LIMIT 5 [ RunTime:0.000075s ]
[ sql ] [ SQL ] SHOW COLUMNS FROM `yx_bannerimg` [ RunTime:0.015773s ]
[ sql ] [ SQL ] SELECT * FROM `yx_bannerimg` ORDER BY `sort` ASC [ RunTime:0.000136s ]
---------------------------------------------------------------
[ 2020-08-13T16:55:44+08:00 ] 127.0.0.1 GET www.cms.zc/
[ sql ] [ DB ] CONNECT:[ UseTime:0.000996s ] mysql:host=127.0.0.1;port=3306;dbname=hyx;charset=utf8mb4
[ sql ] [ SQL ] SHOW COLUMNS FROM `yx_system` [ RunTime:0.022288s ]
[ sql ] [ SQL ] SELECT * FROM `yx_system` WHERE  `id` = 1 LIMIT 1 [ RunTime:0.000502s ]
[ sql ] [ SQL ] SHOW COLUMNS FROM `yx_product` [ RunTime:0.014992s ]
[ sql ] [ SQL ] SELECT * FROM `yx_product` ORDER BY `sort` ASC [ RunTime:0.000981s ]
[ sql ] [ SQL ] SHOW COLUMNS FROM `yx_cate` [ RunTime:0.031605s ]
[ sql ] [ SQL ] SELECT * FROM `yx_cate` ORDER BY `sort` ASC [ RunTime:0.000256s ]
[ sql ] [ SQL ] SHOW COLUMNS FROM `yx_link` [ RunTime:0.021277s ]
[ sql ] [ SQL ] SELECT * FROM `yx_link` ORDER BY `sort` ASC [ RunTime:0.000154s ]
[ sql ] [ SQL ] SHOW COLUMNS FROM `yx_friend` [ RunTime:0.025272s ]
[ sql ] [ SQL ] SELECT * FROM `yx_friend` ORDER BY `sort` ASC [ RunTime:0.000189s ]
[ sql ] [ SQL ] SHOW COLUMNS FROM `yx_banner` [ RunTime:0.021564s ]
[ sql ] [ SQL ] SELECT `btn_name`,`name`,`lname`,`url` FROM `yx_banner` ORDER BY `sort` [ RunTime:0.000459s ]
[ sql ] [ SQL ] SELECT * FROM `yx_cate` ORDER BY `sort` ASC [ RunTime:0.000220s ]
[ sql ] [ SQL ] SHOW COLUMNS FROM `yx_article` [ RunTime:0.012032s ]
[ sql ] [ SQL ] SELECT * FROM `yx_article` WHERE  (  cate_id=2 ) ORDER BY `id` DESC LIMIT 5 [ RunTime:0.000137s ]
[ sql ] [ SQL ] SELECT * FROM `yx_article` WHERE  (  cate_id=3 ) ORDER BY `id` DESC LIMIT 5 [ RunTime:0.000088s ]
[ sql ] [ SQL ] SELECT * FROM `yx_article` WHERE  (  cate_id=4 ) ORDER BY `id` DESC LIMIT 5 [ RunTime:0.000076s ]
[ sql ] [ SQL ] SHOW COLUMNS FROM `yx_bannerimg` [ RunTime:0.010349s ]
[ sql ] [ SQL ] SELECT * FROM `yx_bannerimg` ORDER BY `sort` ASC [ RunTime:0.000121s ]
---------------------------------------------------------------
[ 2020-08-13T16:55:50+08:00 ] 127.0.0.1 GET www.cms.zc/
[ sql ] [ DB ] CONNECT:[ UseTime:0.011447s ] mysql:host=127.0.0.1;port=3306;dbname=hyx;charset=utf8mb4
[ sql ] [ SQL ] SHOW COLUMNS FROM `yx_system` [ RunTime:0.016262s ]
[ sql ] [ SQL ] SELECT * FROM `yx_system` WHERE  `id` = 1 LIMIT 1 [ RunTime:0.000171s ]
[ sql ] [ SQL ] SHOW COLUMNS FROM `yx_product` [ RunTime:0.011638s ]
[ sql ] [ SQL ] SELECT * FROM `yx_product` ORDER BY `sort` ASC [ RunTime:0.000237s ]
[ sql ] [ SQL ] SHOW COLUMNS FROM `yx_cate` [ RunTime:0.012879s ]
[ sql ] [ SQL ] SELECT * FROM `yx_cate` ORDER BY `sort` ASC [ RunTime:0.000221s ]
[ sql ] [ SQL ] SHOW COLUMNS FROM `yx_link` [ RunTime:0.013125s ]
[ sql ] [ SQL ] SELECT * FROM `yx_link` ORDER BY `sort` ASC [ RunTime:0.000199s ]
[ sql ] [ SQL ] SHOW COLUMNS FROM `yx_friend` [ RunTime:0.009401s ]
[ sql ] [ SQL ] SELECT * FROM `yx_friend` ORDER BY `sort` ASC [ RunTime:0.000205s ]
[ sql ] [ SQL ] SHOW COLUMNS FROM `yx_banner` [ RunTime:0.011617s ]
[ sql ] [ SQL ] SELECT `btn_name`,`name`,`lname`,`url` FROM `yx_banner` ORDER BY `sort` [ RunTime:0.000131s ]
[ sql ] [ SQL ] SELECT * FROM `yx_cate` ORDER BY `sort` ASC [ RunTime:0.000122s ]
[ sql ] [ SQL ] SHOW COLUMNS FROM `yx_article` [ RunTime:0.012532s ]
[ sql ] [ SQL ] SELECT * FROM `yx_article` WHERE  (  cate_id=2 ) ORDER BY `id` DESC LIMIT 5 [ RunTime:0.000218s ]
[ sql ] [ SQL ] SELECT * FROM `yx_article` WHERE  (  cate_id=3 ) ORDER BY `id` DESC LIMIT 5 [ RunTime:0.000152s ]
[ sql ] [ SQL ] SELECT * FROM `yx_article` WHERE  (  cate_id=4 ) ORDER BY `id` DESC LIMIT 5 [ RunTime:0.000136s ]
[ sql ] [ SQL ] SHOW COLUMNS FROM `yx_bannerimg` [ RunTime:0.012471s ]
[ sql ] [ SQL ] SELECT * FROM `yx_bannerimg` ORDER BY `sort` ASC [ RunTime:0.000181s ]
---------------------------------------------------------------
[ 2020-08-13T16:55:51+08:00 ] 127.0.0.1 GET www.cms.zc/
[ sql ] [ DB ] CONNECT:[ UseTime:0.000622s ] mysql:host=127.0.0.1;port=3306;dbname=hyx;charset=utf8mb4
[ sql ] [ SQL ] SHOW COLUMNS FROM `yx_system` [ RunTime:0.031849s ]
[ sql ] [ SQL ] SELECT * FROM `yx_system` WHERE  `id` = 1 LIMIT 1 [ RunTime:0.000207s ]
[ sql ] [ SQL ] SHOW COLUMNS FROM `yx_product` [ RunTime:0.024811s ]
[ sql ] [ SQL ] SELECT * FROM `yx_product` ORDER BY `sort` ASC [ RunTime:0.000170s ]
[ sql ] [ SQL ] SHOW COLUMNS FROM `yx_cate` [ RunTime:0.027631s ]
[ sql ] [ SQL ] SELECT * FROM `yx_cate` ORDER BY `sort` ASC [ RunTime:0.000139s ]
[ sql ] [ SQL ] SHOW COLUMNS FROM `yx_link` [ RunTime:0.030165s ]
[ sql ] [ SQL ] SELECT * FROM `yx_link` ORDER BY `sort` ASC [ RunTime:0.000155s ]
[ sql ] [ SQL ] SHOW COLUMNS FROM `yx_friend` [ RunTime:0.011419s ]
[ sql ] [ SQL ] SELECT * FROM `yx_friend` ORDER BY `sort` ASC [ RunTime:0.000172s ]
[ sql ] [ SQL ] SHOW COLUMNS FROM `yx_banner` [ RunTime:0.018443s ]
[ sql ] [ SQL ] SELECT `btn_name`,`name`,`lname`,`url` FROM `yx_banner` ORDER BY `sort` [ RunTime:0.000159s ]
[ sql ] [ SQL ] SELECT * FROM `yx_cate` ORDER BY `sort` ASC [ RunTime:0.000106s ]
[ sql ] [ SQL ] SHOW COLUMNS FROM `yx_article` [ RunTime:0.014119s ]
[ sql ] [ SQL ] SELECT * FROM `yx_article` WHERE  (  cate_id=2 ) ORDER BY `id` DESC LIMIT 5 [ RunTime:0.000202s ]
[ sql ] [ SQL ] SELECT * FROM `yx_article` WHERE  (  cate_id=3 ) ORDER BY `id` DESC LIMIT 5 [ RunTime:0.000110s ]
[ sql ] [ SQL ] SELECT * FROM `yx_article` WHERE  (  cate_id=4 ) ORDER BY `id` DESC LIMIT 5 [ RunTime:0.000089s ]
[ sql ] [ SQL ] SHOW COLUMNS FROM `yx_bannerimg` [ RunTime:0.012956s ]
[ sql ] [ SQL ] SELECT * FROM `yx_bannerimg` ORDER BY `sort` ASC [ RunTime:0.000147s ]
