---------------------------------------------------------------
[ 2020-08-21T11:06:57+08:00 ] 127.0.0.1 GET www.cms.zc/
[ sql ] [ DB ] CONNECT:[ UseTime:0.015282s ] mysql:host=127.0.0.1;port=3306;dbname=hyx;charset=utf8mb4
[ sql ] [ SQL ] SHOW COLUMNS FROM `yx_system` [ RunTime:0.026682s ]
[ sql ] [ SQL ] SELECT * FROM `yx_system` WHERE  `id` = 1 LIMIT 1 [ RunTime:0.000260s ]
[ sql ] [ SQL ] SHOW COLUMNS FROM `yx_product` [ RunTime:0.024262s ]
[ sql ] [ SQL ] SELECT * FROM `yx_product` ORDER BY `sort` ASC [ RunTime:0.000321s ]
[ sql ] [ SQL ] SHOW COLUMNS FROM `yx_cate` [ RunTime:0.025834s ]
[ sql ] [ SQL ] SELECT * FROM `yx_cate` ORDER BY `sort` ASC [ RunTime:0.000249s ]
[ sql ] [ SQL ] SHOW COLUMNS FROM `yx_link` [ RunTime:0.023936s ]
[ sql ] [ SQL ] SELECT * FROM `yx_link` ORDER BY `sort` ASC [ RunTime:0.000262s ]
[ sql ] [ SQL ] SHOW COLUMNS FROM `yx_friend` [ RunTime:0.020129s ]
[ sql ] [ SQL ] SELECT * FROM `yx_friend` ORDER BY `sort` ASC [ RunTime:0.000228s ]
[ sql ] [ SQL ] SHOW COLUMNS FROM `yx_banner` [ RunTime:0.022259s ]
[ sql ] [ SQL ] SELECT `btn_name`,`name`,`lname`,`url` FROM `yx_banner` ORDER BY `sort` [ RunTime:0.000268s ]
[ sql ] [ SQL ] SELECT * FROM `yx_cate` ORDER BY `sort` ASC [ RunTime:0.000141s ]
[ sql ] [ SQL ] SHOW COLUMNS FROM `yx_article` [ RunTime:0.022732s ]
[ sql ] [ SQL ] SELECT * FROM `yx_article` WHERE  (  cate_id=2 ) ORDER BY `id` DESC LIMIT 5 [ RunTime:0.000291s ]
[ sql ] [ SQL ] SELECT * FROM `yx_article` WHERE  (  cate_id=3 ) ORDER BY `id` DESC LIMIT 5 [ RunTime:0.000148s ]
[ sql ] [ SQL ] SELECT * FROM `yx_article` WHERE  (  cate_id=4 ) ORDER BY `id` DESC LIMIT 5 [ RunTime:0.000167s ]
[ sql ] [ SQL ] SHOW COLUMNS FROM `yx_bannerimg` [ RunTime:0.023869s ]
[ sql ] [ SQL ] SELECT * FROM `yx_bannerimg` ORDER BY `sort` ASC [ RunTime:0.000240s ]
---------------------------------------------------------------
[ 2020-08-21T11:06:57+08:00 ] 127.0.0.1 GET www.cms.zc/
[ sql ] [ DB ] CONNECT:[ UseTime:0.010759s ] mysql:host=127.0.0.1;port=3306;dbname=hyx;charset=utf8mb4
[ sql ] [ SQL ] SHOW COLUMNS FROM `yx_system` [ RunTime:0.020669s ]
[ sql ] [ SQL ] SELECT * FROM `yx_system` WHERE  `id` = 1 LIMIT 1 [ RunTime:0.000160s ]
[ sql ] [ SQL ] SHOW COLUMNS FROM `yx_product` [ RunTime:0.028156s ]
[ sql ] [ SQL ] SELECT * FROM `yx_product` ORDER BY `sort` ASC [ RunTime:0.000163s ]
[ sql ] [ SQL ] SHOW COLUMNS FROM `yx_cate` [ RunTime:0.010950s ]
[ sql ] [ SQL ] SELECT * FROM `yx_cate` ORDER BY `sort` ASC [ RunTime:0.000155s ]
[ sql ] [ SQL ] SHOW COLUMNS FROM `yx_link` [ RunTime:0.010754s ]
[ sql ] [ SQL ] SELECT * FROM `yx_link` ORDER BY `sort` ASC [ RunTime:0.000170s ]
[ sql ] [ SQL ] SHOW COLUMNS FROM `yx_friend` [ RunTime:0.011823s ]
[ sql ] [ SQL ] SELECT * FROM `yx_friend` ORDER BY `sort` ASC [ RunTime:0.000175s ]
[ sql ] [ SQL ] SHOW COLUMNS FROM `yx_banner` [ RunTime:0.010123s ]
[ sql ] [ SQL ] SELECT `btn_name`,`name`,`lname`,`url` FROM `yx_banner` ORDER BY `sort` [ RunTime:0.000158s ]
[ sql ] [ SQL ] SELECT * FROM `yx_cate` ORDER BY `sort` ASC [ RunTime:0.000096s ]
[ sql ] [ SQL ] SHOW COLUMNS FROM `yx_article` [ RunTime:0.008718s ]
[ sql ] [ SQL ] SELECT * FROM `yx_article` WHERE  (  cate_id=2 ) ORDER BY `id` DESC LIMIT 5 [ RunTime:0.000181s ]
[ sql ] [ SQL ] SELECT * FROM `yx_article` WHERE  (  cate_id=3 ) ORDER BY `id` DESC LIMIT 5 [ RunTime:0.000131s ]
[ sql ] [ SQL ] SELECT * FROM `yx_article` WHERE  (  cate_id=4 ) ORDER BY `id` DESC LIMIT 5 [ RunTime:0.000110s ]
[ sql ] [ SQL ] SHOW COLUMNS FROM `yx_bannerimg` [ RunTime:0.011030s ]
[ sql ] [ SQL ] SELECT * FROM `yx_bannerimg` ORDER BY `sort` ASC [ RunTime:0.000163s ]
---------------------------------------------------------------
[ 2020-08-21T11:07:01+08:00 ] 127.0.0.1 GET www.cms.zc/
[ sql ] [ DB ] CONNECT:[ UseTime:0.000846s ] mysql:host=127.0.0.1;port=3306;dbname=hyx;charset=utf8mb4
[ sql ] [ SQL ] SHOW COLUMNS FROM `yx_system` [ RunTime:0.021289s ]
[ sql ] [ SQL ] SELECT * FROM `yx_system` WHERE  `id` = 1 LIMIT 1 [ RunTime:0.000475s ]
[ sql ] [ SQL ] SHOW COLUMNS FROM `yx_product` [ RunTime:0.014725s ]
[ sql ] [ SQL ] SELECT * FROM `yx_product` ORDER BY `sort` ASC [ RunTime:0.000197s ]
[ sql ] [ SQL ] SHOW COLUMNS FROM `yx_cate` [ RunTime:0.012552s ]
[ sql ] [ SQL ] SELECT * FROM `yx_cate` ORDER BY `sort` ASC [ RunTime:0.000119s ]
[ sql ] [ SQL ] SHOW COLUMNS FROM `yx_link` [ RunTime:0.013617s ]
[ sql ] [ SQL ] SELECT * FROM `yx_link` ORDER BY `sort` ASC [ RunTime:0.000159s ]
[ sql ] [ SQL ] SHOW COLUMNS FROM `yx_friend` [ RunTime:0.010900s ]
[ sql ] [ SQL ] SELECT * FROM `yx_friend` ORDER BY `sort` ASC [ RunTime:0.000126s ]
[ sql ] [ SQL ] SHOW COLUMNS FROM `yx_banner` [ RunTime:0.015699s ]
[ sql ] [ SQL ] SELECT `btn_name`,`name`,`lname`,`url` FROM `yx_banner` ORDER BY `sort` [ RunTime:0.000125s ]
[ sql ] [ SQL ] SELECT * FROM `yx_cate` ORDER BY `sort` ASC [ RunTime:0.000076s ]
[ sql ] [ SQL ] SHOW COLUMNS FROM `yx_article` [ RunTime:0.012159s ]
[ sql ] [ SQL ] SELECT * FROM `yx_article` WHERE  (  cate_id=2 ) ORDER BY `id` DESC LIMIT 5 [ RunTime:0.000199s ]
[ sql ] [ SQL ] SELECT * FROM `yx_article` WHERE  (  cate_id=3 ) ORDER BY `id` DESC LIMIT 5 [ RunTime:0.000182s ]
[ sql ] [ SQL ] SELECT * FROM `yx_article` WHERE  (  cate_id=4 ) ORDER BY `id` DESC LIMIT 5 [ RunTime:0.000114s ]
[ sql ] [ SQL ] SHOW COLUMNS FROM `yx_bannerimg` [ RunTime:0.012492s ]
[ sql ] [ SQL ] SELECT * FROM `yx_bannerimg` ORDER BY `sort` ASC [ RunTime:0.000227s ]
