---------------------------------------------------------------
[ 2020-07-01T16:22:00+08:00 ] 127.0.0.1 GET www.cms.zc/
[ sql ] [ DB ] CONNECT:[ UseTime:0.015100s ] mysql:host=127.0.0.1;port=3306;dbname=hyx;charset=utf8mb4
[ sql ] [ SQL ] SHOW COLUMNS FROM `yx_system` [ RunTime:0.025916s ]
[ sql ] [ SQL ] SELECT * FROM `yx_system` WHERE  `id` = 1 LIMIT 1 [ RunTime:0.000324s ]
[ sql ] [ SQL ] SHOW COLUMNS FROM `yx_product` [ RunTime:0.021684s ]
[ sql ] [ SQL ] SELECT * FROM `yx_product` ORDER BY `sort` ASC [ RunTime:0.000326s ]
[ sql ] [ SQL ] SHOW COLUMNS FROM `yx_cate` [ RunTime:0.021295s ]
[ sql ] [ SQL ] SELECT * FROM `yx_cate` ORDER BY `sort` ASC [ RunTime:0.000326s ]
[ sql ] [ SQL ] SHOW COLUMNS FROM `yx_link` [ RunTime:0.021344s ]
[ sql ] [ SQL ] SELECT * FROM `yx_link` ORDER BY `sort` ASC [ RunTime:0.000289s ]
[ sql ] [ SQL ] SHOW COLUMNS FROM `yx_friend` [ RunTime:0.018888s ]
[ sql ] [ SQL ] SELECT * FROM `yx_friend` ORDER BY `sort` ASC [ RunTime:0.000221s ]
[ sql ] [ SQL ] SHOW COLUMNS FROM `yx_banner` [ RunTime:0.021414s ]
[ sql ] [ SQL ] SELECT `btn_name`,`name`,`lname`,`url` FROM `yx_banner` ORDER BY `sort` [ RunTime:0.000230s ]
[ sql ] [ SQL ] SELECT * FROM `yx_cate` ORDER BY `sort` ASC [ RunTime:0.000138s ]
[ sql ] [ SQL ] SHOW COLUMNS FROM `yx_article` [ RunTime:0.023331s ]
[ sql ] [ SQL ] SELECT * FROM `yx_article` WHERE  (  cate_id=2 ) ORDER BY `id` DESC LIMIT 5 [ RunTime:0.000270s ]
[ sql ] [ SQL ] SELECT * FROM `yx_article` WHERE  (  cate_id=3 ) ORDER BY `id` DESC LIMIT 5 [ RunTime:0.000182s ]
[ sql ] [ SQL ] SELECT * FROM `yx_article` WHERE  (  cate_id=4 ) ORDER BY `id` DESC LIMIT 5 [ RunTime:0.000145s ]
[ sql ] [ SQL ] SHOW COLUMNS FROM `yx_bannerimg` [ RunTime:0.021143s ]
[ sql ] [ SQL ] SELECT * FROM `yx_bannerimg` ORDER BY `sort` ASC [ RunTime:0.000250s ]
---------------------------------------------------------------
[ 2020-07-01T16:22:00+08:00 ] 127.0.0.1 GET www.cms.zc/
[ sql ] [ DB ] CONNECT:[ UseTime:0.010949s ] mysql:host=127.0.0.1;port=3306;dbname=hyx;charset=utf8mb4
[ sql ] [ SQL ] SHOW COLUMNS FROM `yx_system` [ RunTime:0.037437s ]
[ sql ] [ SQL ] SELECT * FROM `yx_system` WHERE  `id` = 1 LIMIT 1 [ RunTime:0.000189s ]
[ sql ] [ SQL ] SHOW COLUMNS FROM `yx_product` [ RunTime:0.018605s ]
[ sql ] [ SQL ] SELECT * FROM `yx_product` ORDER BY `sort` ASC [ RunTime:0.000128s ]
[ sql ] [ SQL ] SHOW COLUMNS FROM `yx_cate` [ RunTime:0.012148s ]
[ sql ] [ SQL ] SELECT * FROM `yx_cate` ORDER BY `sort` ASC [ RunTime:0.000125s ]
[ sql ] [ SQL ] SHOW COLUMNS FROM `yx_link` [ RunTime:0.012233s ]
[ sql ] [ SQL ] SELECT * FROM `yx_link` ORDER BY `sort` ASC [ RunTime:0.000136s ]
[ sql ] [ SQL ] SHOW COLUMNS FROM `yx_friend` [ RunTime:0.008906s ]
[ sql ] [ SQL ] SELECT * FROM `yx_friend` ORDER BY `sort` ASC [ RunTime:0.000123s ]
[ sql ] [ SQL ] SHOW COLUMNS FROM `yx_banner` [ RunTime:0.011070s ]
[ sql ] [ SQL ] SELECT `btn_name`,`name`,`lname`,`url` FROM `yx_banner` ORDER BY `sort` [ RunTime:0.000133s ]
[ sql ] [ SQL ] SELECT * FROM `yx_cate` ORDER BY `sort` ASC [ RunTime:0.000075s ]
[ sql ] [ SQL ] SHOW COLUMNS FROM `yx_article` [ RunTime:0.009088s ]
[ sql ] [ SQL ] SELECT * FROM `yx_article` WHERE  (  cate_id=2 ) ORDER BY `id` DESC LIMIT 5 [ RunTime:0.000138s ]
[ sql ] [ SQL ] SELECT * FROM `yx_article` WHERE  (  cate_id=3 ) ORDER BY `id` DESC LIMIT 5 [ RunTime:0.000082s ]
[ sql ] [ SQL ] SELECT * FROM `yx_article` WHERE  (  cate_id=4 ) ORDER BY `id` DESC LIMIT 5 [ RunTime:0.000081s ]
[ sql ] [ SQL ] SHOW COLUMNS FROM `yx_bannerimg` [ RunTime:0.007641s ]
[ sql ] [ SQL ] SELECT * FROM `yx_bannerimg` ORDER BY `sort` ASC [ RunTime:0.000102s ]
---------------------------------------------------------------
[ 2020-07-01T16:22:01+08:00 ] 127.0.0.1 GET www.cms.zc/Index/About/index
[ sql ] [ DB ] CONNECT:[ UseTime:0.010341s ] mysql:host=127.0.0.1;port=3306;dbname=hyx;charset=utf8mb4
[ sql ] [ SQL ] SHOW COLUMNS FROM `yx_system` [ RunTime:0.014245s ]
[ sql ] [ SQL ] SELECT * FROM `yx_system` WHERE  `id` = 1 LIMIT 1 [ RunTime:0.000237s ]
[ sql ] [ SQL ] SHOW COLUMNS FROM `yx_product` [ RunTime:0.010336s ]
[ sql ] [ SQL ] SELECT * FROM `yx_product` ORDER BY `sort` ASC [ RunTime:0.000219s ]
[ sql ] [ SQL ] SHOW COLUMNS FROM `yx_cate` [ RunTime:0.011172s ]
[ sql ] [ SQL ] SELECT * FROM `yx_cate` ORDER BY `sort` ASC [ RunTime:0.000212s ]
[ sql ] [ SQL ] SHOW COLUMNS FROM `yx_link` [ RunTime:0.011313s ]
[ sql ] [ SQL ] SELECT * FROM `yx_link` ORDER BY `sort` ASC [ RunTime:0.000217s ]
[ sql ] [ SQL ] SHOW COLUMNS FROM `yx_friend` [ RunTime:0.008140s ]
[ sql ] [ SQL ] SELECT * FROM `yx_friend` ORDER BY `sort` ASC [ RunTime:0.000220s ]
---------------------------------------------------------------
[ 2020-07-01T16:22:34+08:00 ] 127.0.0.1 GET www.cms.zc/Index/About/index
[ sql ] [ DB ] CONNECT:[ UseTime:0.011360s ] mysql:host=127.0.0.1;port=3306;dbname=hyx;charset=utf8mb4
[ sql ] [ SQL ] SHOW COLUMNS FROM `yx_system` [ RunTime:0.015694s ]
[ sql ] [ SQL ] SELECT * FROM `yx_system` WHERE  `id` = 1 LIMIT 1 [ RunTime:0.000224s ]
[ sql ] [ SQL ] SHOW COLUMNS FROM `yx_product` [ RunTime:0.011715s ]
[ sql ] [ SQL ] SELECT * FROM `yx_product` ORDER BY `sort` ASC [ RunTime:0.000179s ]
[ sql ] [ SQL ] SHOW COLUMNS FROM `yx_cate` [ RunTime:0.012276s ]
[ sql ] [ SQL ] SELECT * FROM `yx_cate` ORDER BY `sort` ASC [ RunTime:0.000224s ]
[ sql ] [ SQL ] SHOW COLUMNS FROM `yx_link` [ RunTime:0.012742s ]
[ sql ] [ SQL ] SELECT * FROM `yx_link` ORDER BY `sort` ASC [ RunTime:0.000209s ]
[ sql ] [ SQL ] SHOW COLUMNS FROM `yx_friend` [ RunTime:0.008667s ]
[ sql ] [ SQL ] SELECT * FROM `yx_friend` ORDER BY `sort` ASC [ RunTime:0.000127s ]
